<?xml version="1.0" encoding="UTF-8"?>
<testng-results ignored="0" total="2" passed="2" failed="0" skipped="0">
  <reporter-output>
  </reporter-output>
  <suite started-at="2018-10-17T20:09:59Z" name="Default suite" finished-at="2018-10-17T20:09:59Z" duration-ms="54">
    <groups>
    </groups>
    <test started-at="2018-10-17T20:09:59Z" name="Default test" finished-at="2018-10-17T20:09:59Z" duration-ms="54">
      <class name="Practice.TestNgBasics">
        <test-method is-config="true" signature="setup()[pri:0, instance:Practice.TestNgBasics@60c1663c]" started-at="2018-10-17T20:09:59Z" name="setup" finished-at="2018-10-17T20:09:59Z" duration-ms="20" status="PASS">
          <reporter-output>
          </reporter-output>
        </test-method> <!-- setup -->
        <test-method is-config="true" signature="login()[pri:0, instance:Practice.TestNgBasics@60c1663c]" started-at="2018-10-17T20:09:59Z" name="login" finished-at="2018-10-17T20:09:59Z" duration-ms="1" status="PASS">
          <reporter-output>
          </reporter-output>
        </test-method> <!-- login -->
        <test-method is-config="true" signature="LaunchBrowser()[pri:0, instance:Practice.TestNgBasics@60c1663c]" started-at="2018-10-17T20:09:59Z" name="LaunchBrowser" finished-at="2018-10-17T20:09:59Z" duration-ms="0" status="PASS">
          <reporter-output>
          </reporter-output>
        </test-method> <!-- LaunchBrowser -->
        <test-method is-config="true" signature="enterURL()[pri:0, instance:Practice.TestNgBasics@60c1663c]" started-at="2018-10-17T20:09:59Z" name="enterURL" finished-at="2018-10-17T20:09:59Z" duration-ms="1" status="PASS">
          <reporter-output>
          </reporter-output>
        </test-method> <!-- enterURL -->
        <test-method signature="test1()[pri:0, instance:Practice.TestNgBasics@60c1663c]" started-at="2018-10-17T20:09:59Z" name="test1" finished-at="2018-10-17T20:09:59Z" duration-ms="10" status="PASS">
          <reporter-output>
          </reporter-output>
        </test-method> <!-- test1 -->
        <test-method is-config="true" signature="afterMethod()[pri:0, instance:Practice.TestNgBasics@60c1663c]" started-at="2018-10-17T20:09:59Z" name="afterMethod" finished-at="2018-10-17T20:09:59Z" duration-ms="0" status="PASS">
          <reporter-output>
          </reporter-output>
        </test-method> <!-- afterMethod -->
        <test-method signature="test2()[pri:0, instance:Practice.TestNgBasics@60c1663c]" started-at="2018-10-17T20:09:59Z" name="test2" finished-at="2018-10-17T20:09:59Z" duration-ms="2" status="PASS">
          <reporter-output>
          </reporter-output>
        </test-method> <!-- test2 -->
        <test-method is-config="true" signature="enterURL()[pri:0, instance:Practice.TestNgBasics@60c1663c]" started-at="2018-10-17T20:09:59Z" name="enterURL" finished-at="2018-10-17T20:09:59Z" duration-ms="0" status="PASS">
          <reporter-output>
          </reporter-output>
        </test-method> <!-- enterURL -->
        <test-method is-config="true" signature="afterClass()[pri:0, instance:Practice.TestNgBasics@60c1663c]" started-at="2018-10-17T20:09:59Z" name="afterClass" finished-at="2018-10-17T20:09:59Z" duration-ms="0" status="PASS">
          <reporter-output>
          </reporter-output>
        </test-method> <!-- afterClass -->
        <test-method is-config="true" signature="afterMethod()[pri:0, instance:Practice.TestNgBasics@60c1663c]" started-at="2018-10-17T20:09:59Z" name="afterMethod" finished-at="2018-10-17T20:09:59Z" duration-ms="0" status="PASS">
          <reporter-output>
          </reporter-output>
        </test-method> <!-- afterMethod -->
        <test-method is-config="true" signature="afterTest()[pri:0, instance:Practice.TestNgBasics@60c1663c]" started-at="2018-10-17T20:09:59Z" name="afterTest" finished-at="2018-10-17T20:09:59Z" duration-ms="0" status="PASS">
          <reporter-output>
          </reporter-output>
        </test-method> <!-- afterTest -->
        <test-method is-config="true" signature="afterSuite()[pri:0, instance:Practice.TestNgBasics@60c1663c]" started-at="2018-10-17T20:09:59Z" name="afterSuite" finished-at="2018-10-17T20:09:59Z" duration-ms="0" status="PASS">
          <reporter-output>
          </reporter-output>
        </test-method> <!-- afterSuite -->
      </class> <!-- Practice.TestNgBasics -->
    </test> <!-- Default test -->
  </suite> <!-- Default suite -->
</testng-results>
